<?xml version="1.0" encoding="UTF-8"?>
<!-- Generated by org.testng.reporters.JUnitReportReporter -->
<testsuite hostname="LAPTOP-217R14G5" failures="0" tests="2" name="Maven2.MavenProhect1" time="0.148" errors="0" timestamp="2022-08-13T11:02:48 IST" skipped="0">
  <testcase classname="Maven2.MavenProhect1" name="print" time="0.144"/>
  <system-out/>
  <testcase classname="Maven2.MavenProhect1" name="print2" time="0.004"/>
  <system-out/>
</testsuite> <!-- Maven2.MavenProhect1 -->
